<?xml version="1.0" encoding="UTF-8"?>
<coverage generated="1668497663629" clover="3.2.0">
  <project timestamp="1668497663629" name="All files">
    <metrics statements="40" coveredstatements="21" conditionals="13" coveredconditionals="6" methods="14" coveredmethods="5" elements="67" coveredelements="32" complexity="0" loc="40" ncloc="40" packages="1" files="3" classes="3"/>
    <file name="clear.js" path="C:\Users\ermi\Microverse\module2\To-Do-List\src\modules\clear.js">
      <metrics statements="5" coveredstatements="5" conditionals="0" coveredconditionals="0" methods="3" coveredmethods="3"/>
      <line num="2" count="1" type="stmt"/>
      <line num="3" count="3" type="stmt"/>
      <line num="4" count="1" type="stmt"/>
      <line num="5" count="2" type="stmt"/>
      <line num="7" count="1" type="stmt"/>
    </file>
    <file name="do.js" path="C:\Users\ermi\Microverse\module2\To-Do-List\src\modules\do.js">
      <metrics statements="3" coveredstatements="3" conditionals="0" coveredconditionals="0" methods="0" coveredmethods="0"/>
      <line num="3" count="3" type="stmt"/>
      <line num="4" count="3" type="stmt"/>
      <line num="5" count="3" type="stmt"/>
    </file>
    <file name="tasks.js" path="C:\Users\ermi\Microverse\module2\To-Do-List\src\modules\tasks.js">
      <metrics statements="32" coveredstatements="13" conditionals="13" coveredconditionals="6" methods="11" coveredmethods="2"/>
      <line num="6" count="3" type="cond" truecount="2" falsecount="0"/>
      <line num="7" count="3" type="stmt"/>
      <line num="8" count="3" type="stmt"/>
      <line num="12" count="0" type="stmt"/>
      <line num="13" count="0" type="stmt"/>
      <line num="14" count="0" type="stmt"/>
      <line num="16" count="3" type="cond" truecount="0" falsecount="1"/>
      <line num="20" count="11" type="cond" truecount="2" falsecount="0"/>
      <line num="22" count="7" type="stmt"/>
      <line num="27" count="1" type="stmt"/>
      <line num="29" count="10" type="stmt"/>
      <line num="37" count="11" type="stmt"/>
      <line num="42" count="3" type="stmt"/>
      <line num="43" count="0" type="stmt"/>
      <line num="48" count="0" type="stmt"/>
      <line num="49" count="0" type="stmt"/>
      <line num="54" count="3" type="stmt"/>
      <line num="55" count="0" type="stmt"/>
      <line num="56" count="0" type="stmt"/>
      <line num="61" count="3" type="stmt"/>
      <line num="62" count="0" type="stmt"/>
      <line num="63" count="0" type="stmt"/>
      <line num="65" count="0" type="stmt"/>
      <line num="66" count="0" type="stmt"/>
      <line num="70" count="0" type="stmt"/>
      <line num="71" count="0" type="stmt"/>
      <line num="74" count="3" type="stmt"/>
      <line num="75" count="0" type="cond" truecount="0" falsecount="2"/>
      <line num="76" count="0" type="stmt"/>
      <line num="77" count="0" type="stmt"/>
      <line num="83" count="0" type="stmt"/>
      <line num="84" count="0" type="stmt"/>
    </file>
  </project>
</coverage>
