{"C:\\Users\\ermi\\Microverse\\module2\\To-Do-List\\src\\modules\\clear.js": {"path":"C:\\Users\\ermi\\Microverse\\module2\\To-Do-List\\src\\modules\\clear.js","statementMap":{"0":{"start":{"line":2,"column":17},"end":{"line":8,"column":1}},"1":{"start":{"line":3,"column":18},"end":{"line":3,"column":65}},"2":{"start":{"line":3,"column":40},"end":{"line":3,"column":64}},"3":{"start":{"line":4,"column":2},"end":{"line":6,"column":5}},"4":{"start":{"line":5,"column":4},"end":{"line":5,"column":46}},"5":{"start":{"line":7,"column":2},"end":{"line":7,"column":17}}},"fnMap":{"0":{"name":"(anonymous_0)","decl":{"start":{"line":2,"column":17},"end":{"line":2,"column":18}},"loc":{"start":{"line":2,"column":27},"end":{"line":8,"column":1}},"line":2},"1":{"name":"(anonymous_1)","decl":{"start":{"line":3,"column":30},"end":{"line":3,"column":31}},"loc":{"start":{"line":3,"column":40},"end":{"line":3,"column":64}},"line":3},"2":{"name":"(anonymous_2)","decl":{"start":{"line":4,"column":18},"end":{"line":4,"column":19}},"loc":{"start":{"line":4,"column":28},"end":{"line":6,"column":3}},"line":4}},"branchMap":{},"s":{"0":1,"1":1,"2":3,"3":1,"4":2,"5":1},"f":{"0":1,"1":3,"2":2},"b":{},"_coverageSchema":"1a1c01bbd47fc00a2c39e90264f33305004495a9","hash":"7e942e2e26531bbfce9440ea55dbcd271636c740"}
,"C:\\Users\\ermi\\Microverse\\module2\\To-Do-List\\src\\modules\\do.js": {"path":"C:\\Users\\ermi\\Microverse\\module2\\To-Do-List\\src\\modules\\do.js","statementMap":{"0":{"start":{"line":3,"column":13},"end":{"line":3,"column":44}},"1":{"start":{"line":4,"column":25},"end":{"line":4,"column":62}},"2":{"start":{"line":5,"column":22},"end":{"line":5,"column":56}}},"fnMap":{},"branchMap":{},"s":{"0":3,"1":3,"2":3},"f":{},"b":{},"_coverageSchema":"1a1c01bbd47fc00a2c39e90264f33305004495a9","hash":"a6e873ff22b28fa0cb3e7abdb4c1c40c51b80e69"}
,"C:\\Users\\ermi\\Microverse\\module2\\To-Do-List\\src\\modules\\tasks.js": {"path":"C:\\Users\\ermi\\Microverse\\module2\\To-Do-List\\src\\modules\\tasks.js","statementMap":{"0":{"start":{"line":6,"column":19},"end":{"line":6,"column":66}},"1":{"start":{"line":7,"column":17},"end":{"line":7,"column":19}},"2":{"start":{"line":8,"column":15},"end":{"line":8,"column":49}},"3":{"start":{"line":12,"column":4},"end":{"line":12,"column":29}},"4":{"start":{"line":13,"column":4},"end":{"line":13,"column":35}},"5":{"start":{"line":14,"column":4},"end":{"line":14,"column":31}},"6":{"start":{"line":16,"column":22},"end":{"line":38,"column":5}},"7":{"start":{"line":20,"column":6},"end":{"line":34,"column":7}},"8":{"start":{"line":22,"column":8},"end":{"line":25,"column":12}},"9":{"start":{"line":22,"column":44},"end":{"line":25,"column":9}},"10":{"start":{"line":27,"column":8},"end":{"line":27,"column":24}},"11":{"start":{"line":29,"column":8},"end":{"line":33,"column":11}},"12":{"start":{"line":37,"column":6},"end":{"line":37,"column":19}},"13":{"start":{"line":42,"column":23},"end":{"line":50,"column":5}},"14":{"start":{"line":43,"column":6},"end":{"line":46,"column":10}},"15":{"start":{"line":43,"column":42},"end":{"line":46,"column":7}},"16":{"start":{"line":48,"column":6},"end":{"line":48,"column":26}},"17":{"start":{"line":49,"column":6},"end":{"line":49,"column":59}},"18":{"start":{"line":54,"column":22},"end":{"line":57,"column":5}},"19":{"start":{"line":55,"column":6},"end":{"line":55,"column":50}},"20":{"start":{"line":56,"column":6},"end":{"line":56,"column":26}},"21":{"start":{"line":61,"column":24},"end":{"line":72,"column":5}},"22":{"start":{"line":62,"column":6},"end":{"line":62,"column":62}},"23":{"start":{"line":62,"column":44},"end":{"line":62,"column":60}},"24":{"start":{"line":63,"column":6},"end":{"line":63,"column":22}},"25":{"start":{"line":65,"column":6},"end":{"line":67,"column":9}},"26":{"start":{"line":66,"column":8},"end":{"line":66,"column":34}},"27":{"start":{"line":70,"column":6},"end":{"line":70,"column":26}},"28":{"start":{"line":71,"column":6},"end":{"line":71,"column":59}},"29":{"start":{"line":74,"column":25},"end":{"line":94,"column":5}},"30":{"start":{"line":75,"column":6},"end":{"line":78,"column":7}},"31":{"start":{"line":76,"column":8},"end":{"line":76,"column":61}},"32":{"start":{"line":77,"column":8},"end":{"line":77,"column":15}},"33":{"start":{"line":83,"column":6},"end":{"line":93,"column":9}},"34":{"start":{"line":84,"column":8},"end":{"line":92,"column":24}}},"fnMap":{"0":{"name":"(anonymous_0)","decl":{"start":{"line":11,"column":2},"end":{"line":11,"column":3}},"loc":{"start":{"line":11,"column":48},"end":{"line":15,"column":3}},"line":11},"1":{"name":"(anonymous_1)","decl":{"start":{"line":16,"column":22},"end":{"line":16,"column":23}},"loc":{"start":{"line":16,"column":67},"end":{"line":38,"column":5}},"line":16},"2":{"name":"(anonymous_2)","decl":{"start":{"line":22,"column":26},"end":{"line":22,"column":27}},"loc":{"start":{"line":22,"column":44},"end":{"line":25,"column":9}},"line":22},"3":{"name":"(anonymous_3)","decl":{"start":{"line":42,"column":23},"end":{"line":42,"column":24}},"loc":{"start":{"line":42,"column":35},"end":{"line":50,"column":5}},"line":42},"4":{"name":"(anonymous_4)","decl":{"start":{"line":43,"column":24},"end":{"line":43,"column":25}},"loc":{"start":{"line":43,"column":42},"end":{"line":46,"column":7}},"line":43},"5":{"name":"(anonymous_5)","decl":{"start":{"line":54,"column":22},"end":{"line":54,"column":23}},"loc":{"start":{"line":54,"column":34},"end":{"line":57,"column":5}},"line":54},"6":{"name":"(anonymous_6)","decl":{"start":{"line":61,"column":24},"end":{"line":61,"column":25}},"loc":{"start":{"line":61,"column":36},"end":{"line":72,"column":5}},"line":61},"7":{"name":"(anonymous_7)","decl":{"start":{"line":62,"column":27},"end":{"line":62,"column":28}},"loc":{"start":{"line":62,"column":44},"end":{"line":62,"column":60}},"line":62},"8":{"name":"(anonymous_8)","decl":{"start":{"line":65,"column":20},"end":{"line":65,"column":21}},"loc":{"start":{"line":65,"column":37},"end":{"line":67,"column":7}},"line":65},"9":{"name":"(anonymous_9)","decl":{"start":{"line":74,"column":25},"end":{"line":74,"column":26}},"loc":{"start":{"line":74,"column":31},"end":{"line":94,"column":5}},"line":74},"10":{"name":"(anonymous_10)","decl":{"start":{"line":83,"column":20},"end":{"line":83,"column":21}},"loc":{"start":{"line":83,"column":37},"end":{"line":93,"column":7}},"line":83}},"branchMap":{"0":{"loc":{"start":{"line":6,"column":19},"end":{"line":6,"column":66}},"type":"binary-expr","locations":[{"start":{"line":6,"column":19},"end":{"line":6,"column":60}},{"start":{"line":6,"column":64},"end":{"line":6,"column":66}}],"line":6},"1":{"loc":{"start":{"line":16,"column":23},"end":{"line":16,"column":50}},"type":"default-arg","locations":[{"start":{"line":16,"column":35},"end":{"line":16,"column":50}}],"line":16},"2":{"loc":{"start":{"line":20,"column":6},"end":{"line":34,"column":7}},"type":"if","locations":[{"start":{"line":20,"column":6},"end":{"line":34,"column":7}},{"start":{"line":28,"column":13},"end":{"line":34,"column":7}}],"line":20},"3":{"loc":{"start":{"line":24,"column":23},"end":{"line":24,"column":74}},"type":"cond-expr","locations":[{"start":{"line":24,"column":46},"end":{"line":24,"column":55}},{"start":{"line":24,"column":58},"end":{"line":24,"column":74}}],"line":24},"4":{"loc":{"start":{"line":45,"column":19},"end":{"line":45,"column":70}},"type":"cond-expr","locations":[{"start":{"line":45,"column":38},"end":{"line":45,"column":53}},{"start":{"line":45,"column":56},"end":{"line":45,"column":70}}],"line":45},"5":{"loc":{"start":{"line":75,"column":6},"end":{"line":78,"column":7}},"type":"if","locations":[{"start":{"line":75,"column":6},"end":{"line":78,"column":7}},{"start":{},"end":{}}],"line":75},"6":{"loc":{"start":{"line":86,"column":47},"end":{"line":86,"column":95}},"type":"cond-expr","locations":[{"start":{"line":86,"column":64},"end":{"line":86,"column":81}},{"start":{"line":86,"column":84},"end":{"line":86,"column":95}}],"line":86}},"s":{"0":3,"1":3,"2":3,"3":0,"4":0,"5":0,"6":3,"7":11,"8":1,"9":7,"10":1,"11":10,"12":11,"13":3,"14":0,"15":0,"16":0,"17":0,"18":3,"19":0,"20":0,"21":3,"22":0,"23":0,"24":0,"25":0,"26":0,"27":0,"28":0,"29":3,"30":0,"31":0,"32":0,"33":0,"34":0},"f":{"0":0,"1":11,"2":7,"3":0,"4":0,"5":0,"6":0,"7":0,"8":0,"9":0,"10":0},"b":{"0":[3,3],"1":[0],"2":[1,10],"3":[1,6],"4":[0,0],"5":[0,0],"6":[0,0]},"_coverageSchema":"1a1c01bbd47fc00a2c39e90264f33305004495a9","hash":"ba818afa8f55d19b4571dc40c122d9937b717a35"}
}
