TN:
SF:src\modules\clear.js
FN:2,(anonymous_0)
FN:3,(anonymous_1)
FN:4,(anonymous_2)
FNF:3
FNH:3
FNDA:1,(anonymous_0)
FNDA:3,(anonymous_1)
FNDA:2,(anonymous_2)
DA:2,1
DA:3,3
DA:4,1
DA:5,2
DA:7,1
LF:5
LH:5
BRF:0
BRH:0
end_of_record
TN:
SF:src\modules\do.js
FNF:0
FNH:0
DA:3,3
DA:4,3
DA:5,3
LF:3
LH:3
BRF:0
BRH:0
end_of_record
TN:
SF:src\modules\tasks.js
FN:11,(anonymous_0)
FN:16,(anonymous_1)
FN:22,(anonymous_2)
FN:42,(anonymous_3)
FN:43,(anonymous_4)
FN:54,(anonymous_5)
FN:61,(anonymous_6)
FN:62,(anonymous_7)
FN:65,(anonymous_8)
FN:74,(anonymous_9)
FN:83,(anonymous_10)
FNF:11
FNH:7
FNDA:0,(anonymous_0)
FNDA:14,(anonymous_1)
FNDA:7,(anonymous_2)
FNDA:0,(anonymous_3)
FNDA:0,(anonymous_4)
FNDA:0,(anonymous_5)
FNDA:1,(anonymous_6)
FNDA:3,(anonymous_7)
FNDA:2,(anonymous_8)
FNDA:1,(anonymous_9)
FNDA:1,(anonymous_10)
DA:6,3
DA:7,3
DA:8,3
DA:12,0
DA:13,0
DA:14,0
DA:16,3
DA:20,14
DA:22,7
DA:27,1
DA:29,13
DA:37,14
DA:42,3
DA:43,0
DA:48,0
DA:49,0
DA:54,3
DA:55,0
DA:56,0
DA:61,3
DA:62,3
DA:63,1
DA:65,1
DA:66,2
DA:70,1
DA:71,0
DA:74,3
DA:75,1
DA:76,0
DA:77,0
DA:83,1
DA:84,1
LF:32
LH:21
BRDA:6,0,0,3
BRDA:6,0,1,3
BRDA:16,1,0,0
BRDA:20,2,0,1
BRDA:20,2,1,13
BRDA:24,3,0,1
BRDA:24,3,1,6
BRDA:45,4,0,0
BRDA:45,4,1,0
BRDA:75,5,0,0
BRDA:75,5,1,1
BRDA:86,6,0,0
BRDA:86,6,1,0
BRF:13
BRH:7
end_of_record
